Server listening at http://localhost:3000
File uploaded to /var/www/zip/sbdt-uploaded-files/heroqa
Deleted: /var/www/zip/sbdt-uploaded-files/heroqa/UnoMindaCluster.apk
File uploaded successfully to /var/www/zip/demorepo/demorepo/output_files as UnoMindaCluster202508281039.apk
File uploaded to /var/www/zip/sbdt-uploaded-files/heroqa
Deleted: /var/www/zip/sbdt-uploaded-files/heroqa/UnoMindaCluster.apk
File uploaded successfully to /var/www/zip/demorepo/demorepo/output_files as UnoMindaCluster202509051449.apk
File uploaded to /var/www/zip/sbdt-uploaded-files/heroqa
Deleted: /var/www/zip/sbdt-uploaded-files/heroqa/UnoMindaCluster.apk
File uploaded successfully to /var/www/zip/demorepo/demorepo/output_files as UnoMindaCluster202509051554.apk
File uploaded to /var/www/zip/sbdt-uploaded-files/heroqa
Deleted: /var/www/zip/sbdt-uploaded-files/heroqa/UnoMindaCluster.apk
File uploaded successfully to /var/www/zip/demorepo/demorepo/output_files as UnoMindaCluster202509081245.apk
File uploaded to /var/www/zip/sbdt-uploaded-files/heroqa
Deleted: /var/www/zip/sbdt-uploaded-files/heroqa/UnoMindaCluster.apk
File uploaded successfully to /var/www/zip/demorepo/demorepo/output_files as UnoMindaCluster202509111427.apk
File uploaded to /var/www/zip/sbdt-uploaded-files/heroqa
Deleted: /var/www/zip/sbdt-uploaded-files/heroqa/UnoMindaCluster.apk
File uploaded successfully to /var/www/zip/demorepo/demorepo/output_files as UnoMindaCluster202509111448.apk
File uploaded to /var/www/zip/sbdt-uploaded-files/heroqa
Deleted: /var/www/zip/sbdt-uploaded-files/heroqa/UnoMindaCluster.apk
File uploaded successfully to /var/www/zip/demorepo/demorepo/output_files as UnoMindaCluster202509150924.apk
File uploaded to /var/www/zip/sbdt-uploaded-files/heroqa
Deleted: /var/www/zip/sbdt-uploaded-files/heroqa/UnoMindaCluster.apk
File uploaded successfully to /var/www/zip/demorepo/demorepo/output_files as UnoMindaCluster202509151042.apk
File uploaded to /var/www/zip/sbdt-uploaded-files/heroqa
Deleted: /var/www/zip/sbdt-uploaded-files/heroqa/UnoMindaCluster.apk
File uploaded successfully to /var/www/zip/demorepo/demorepo/output_files as UnoMindaCluster202509151427.apk
File uploaded to /var/www/zip/sbdt-uploaded-files/heroqa
Deleted: /var/www/zip/sbdt-uploaded-files/heroqa/UnoMindaCluster.apk
File uploaded successfully to /var/www/zip/demorepo/demorepo/output_files as UnoMindaCluster202509151445.apk
File uploaded to /var/www/zip/sbdt-uploaded-files/heroqa
Deleted: /var/www/zip/sbdt-uploaded-files/heroqa/UnoMindaCluster.apk
File uploaded successfully to /var/www/zip/demorepo/demorepo/output_files as UnoMindaCluster202509151457.apk
File uploaded to /var/www/zip/sbdt-uploaded-files/heroqa
Deleted: /var/www/zip/sbdt-uploaded-files/heroqa/UnoMindaCluster.apk
File uploaded successfully to /var/www/zip/demorepo/demorepo/output_files as UnoMindaCluster202509151515.apk
File uploaded to /var/www/zip/sbdt-uploaded-files/heroqa
Deleted: /var/www/zip/sbdt-uploaded-files/heroqa/UnoMindaCluster.apk
File uploaded successfully to /var/www/zip/demorepo/demorepo/output_files as UnoMindaCluster202509151557.apk
File uploaded to /var/www/zip/sbdt-uploaded-files/heroqa
Deleted: /var/www/zip/sbdt-uploaded-files/heroqa/UnoMindaCluster.apk
File uploaded successfully to /var/www/zip/demorepo/demorepo/output_files as UnoMindaCluster202509151606.apk
File uploaded to /var/www/zip/sbdt-uploaded-files/heroqa
Deleted: /var/www/zip/sbdt-uploaded-files/heroqa/UnoMindaCluster.apk
File uploaded successfully to /var/www/zip/demorepo/demorepo/output_files as UnoMindaCluster202509151706.apk
File uploaded to /var/www/zip/sbdt-uploaded-files/heroqa
Deleted: /var/www/zip/sbdt-uploaded-files/heroqa/UnoMindaCluster.apk
File uploaded successfully to /var/www/zip/demorepo/demorepo/output_files as UnoMindaCluster202509151721.apk
File uploaded to /var/www/zip/sbdt-uploaded-files/heroqa
Deleted: /var/www/zip/sbdt-uploaded-files/heroqa/UnoMindaCluster.apk
File uploaded successfully to /var/www/zip/demorepo/demorepo/output_files as UnoMindaCluster202509161648.apk
File uploaded to /var/www/zip/sbdt-uploaded-files/heroqa
Deleted: /var/www/zip/sbdt-uploaded-files/heroqa/UnoMindaCluster.apk
File uploaded successfully to /var/www/zip/demorepo/demorepo/output_files as UnoMindaCluster202509190921.apk
File uploaded to /var/www/zip/sbdt-uploaded-files/heroqa
Deleted: /var/www/zip/sbdt-uploaded-files/heroqa/UnoMindaCluster.apk
File uploaded successfully to /var/www/zip/demorepo/demorepo/output_files as UnoMindaCluster202509231609.apk
File uploaded to /var/www/zip/sbdt-uploaded-files/heroqa
Deleted: /var/www/zip/sbdt-uploaded-files/heroqa/UnoMindaCluster.apk
File uploaded successfully to /var/www/zip/demorepo/demorepo/output_files as UnoMindaCluster202509232133.apk
File uploaded to /var/www/zip/sbdt-uploaded-files/zeroqa
Deleted: /var/www/zip/sbdt-uploaded-files/zeroqa/UnoMindaCluster.apk
File uploaded successfully to /var/www/zip/demorepo/demorepo/output_files as UnoMindaCluster202509232257_maba.apk
File uploaded to /var/www/zip/sbdt-uploaded-files/zeroqa
Deleted: /var/www/zip/sbdt-uploaded-files/zeroqa/UnoMindaCluster.apk
File uploaded successfully to /var/www/zip/demorepo/demorepo/output_files as UnoMindaCluster202509241009_maba.apk
File uploaded to /var/www/zip/sbdt-uploaded-files/heroqa
Deleted: /var/www/zip/sbdt-uploaded-files/heroqa/UnoMindaCluster.apk
File uploaded to /var/www/zip/sbdt-uploaded-files/heroqa
Deleted: /var/www/zip/sbdt-uploaded-files/heroqa/UnoMindaCluster.apk
File uploaded successfully to /var/www/zip/demorepo/demorepo/output_files as UnoMindaCluster202509241100.apk
File uploaded to /var/www/zip/sbdt-uploaded-files/heroqa
Deleted: /var/www/zip/sbdt-uploaded-files/heroqa/UnoMindaCluster.apk
File uploaded successfully to /var/www/zip/demorepo/demorepo/output_files as UnoMindaCluster202509241130.apk
File uploaded to /var/www/zip/sbdt-uploaded-files/zeroqa
Deleted: /var/www/zip/sbdt-uploaded-files/zeroqa/UnoMindaCluster.apk
File uploaded successfully to /var/www/zip/demorepo/demorepo/output_files as UnoMindaCluster202509242345_maba.apk
File uploaded to /var/www/zip/sbdt-uploaded-files/heroqa
Deleted: /var/www/zip/sbdt-uploaded-files/heroqa/UnoMindaCluster.apk
File uploaded successfully to /var/www/zip/demorepo/demorepo/output_files as UnoMindaCluster202509251118.apk
File uploaded to /var/www/zip/sbdt-uploaded-files/heroqa
Deleted: /var/www/zip/sbdt-uploaded-files/heroqa/UnoMindaCluster.apk
File uploaded successfully to /var/www/zip/demorepo/demorepo/output_files as UnoMindaCluster202509251136.apk
File uploaded to /var/www/zip/sbdt-uploaded-files/heroqa
Deleted: /var/www/zip/sbdt-uploaded-files/heroqa/UnoMindaCluster.apk
File uploaded successfully to /var/www/zip/demorepo/demorepo/output_files as UnoMindaCluster202509251154.apk
File uploaded to /var/www/zip/sbdt-uploaded-files/heroqa
Deleted: /var/www/zip/sbdt-uploaded-files/heroqa/UnoMindaCluster.apk
File uploaded successfully to /var/www/zip/demorepo/demorepo/output_files as UnoMindaCluster202509251306.apk
File uploaded to /var/www/zip/sbdt-uploaded-files/zeroqa
Deleted: /var/www/zip/sbdt-uploaded-files/zeroqa/UnoMindaCluster.apk
File uploaded successfully to /var/www/zip/demorepo/demorepo/output_files as UnoMindaCluster202509251348_maba.apk
File uploaded to /var/www/zip/sbdt-uploaded-files/heroqa
Deleted: /var/www/zip/sbdt-uploaded-files/heroqa/UnoMindaCluster.apk
File uploaded successfully to /var/www/zip/demorepo/demorepo/output_files as UnoMindaCluster202509251415.apk
Deleted: /var/www/zip/sbdt-uploaded-files/heroqa/UnoMindaCluster.apk
File uploaded to /var/www/zip/sbdt-uploaded-files/heroqa
File uploaded to /var/www/zip/sbdt-uploaded-files/heroqa
Deleted: /var/www/zip/sbdt-uploaded-files/heroqa/UnoMindaCluster.apk
File uploaded successfully to /var/www/zip/demorepo/demorepo/output_files as UnoMindaCluster202509291209.apk
File uploaded to /var/www/zip/sbdt-uploaded-files/heroqa
Deleted: /var/www/zip/sbdt-uploaded-files/heroqa/UnoMindaCluster.apk
File uploaded successfully to /var/www/zip/demorepo/demorepo/output_files as UnoMindaCluster202509291424.apk
File uploaded to /var/www/zip/sbdt-uploaded-files/heroqa
Deleted: /var/www/zip/sbdt-uploaded-files/heroqa/UnoMindaCluster.apk
File uploaded successfully to /var/www/zip/demorepo/demorepo/output_files as UnoMindaCluster202509291536.apk
File uploaded to /var/www/zip/sbdt-uploaded-files/heroqa
Deleted: /var/www/zip/sbdt-uploaded-files/heroqa/UnoMindaCluster.apk
File uploaded successfully to /var/www/zip/demorepo/demorepo/output_files as UnoMindaCluster202509301033.apk
File uploaded to /var/www/zip/sbdt-uploaded-files/heroqa
Deleted: /var/www/zip/sbdt-uploaded-files/heroqa/UnoMindaCluster.apk
File uploaded successfully to /var/www/zip/demorepo/demorepo/output_files as UnoMindaCluster202509301142.apk
File uploaded to /var/www/zip/sbdt-uploaded-files/heroqa
Deleted: /var/www/zip/sbdt-uploaded-files/heroqa/UnoMindaCluster.apk
File uploaded successfully to /var/www/zip/demorepo/demorepo/output_files as UnoMindaCluster202509301157.apk
File uploaded to /var/www/zip/sbdt-uploaded-files/heroqa
Deleted: /var/www/zip/sbdt-uploaded-files/heroqa/UnoMindaCluster.apk
File uploaded successfully to /var/www/zip/demorepo/demorepo/output_files as UnoMindaCluster202509301212.apk
File uploaded to /var/www/zip/sbdt-uploaded-files/heroqa
Deleted: /var/www/zip/sbdt-uploaded-files/heroqa/UnoMindaCluster.apk
File uploaded successfully to /var/www/zip/demorepo/demorepo/output_files as UnoMindaCluster202509301233.apk
File uploaded to /var/www/zip/sbdt-uploaded-files/heroqa
Deleted: /var/www/zip/sbdt-uploaded-files/heroqa/UnoMindaCluster.apk
File uploaded successfully to /var/www/zip/demorepo/demorepo/output_files as UnoMindaCluster202509301248.apk
File uploaded to /var/www/zip/sbdt-uploaded-files/heroqa
Deleted: /var/www/zip/sbdt-uploaded-files/heroqa/UnoMindaCluster.apk
File uploaded successfully to /var/www/zip/demorepo/demorepo/output_files as UnoMindaCluster202510011457.apk
File uploaded to /var/www/zip/sbdt-uploaded-files/heroqa
Deleted: /var/www/zip/sbdt-uploaded-files/heroqa/UnoMindaCluster.apk
File uploaded successfully to /var/www/zip/demorepo/demorepo/output_files as UnoMindaCluster202510011548.apk
File uploaded to /var/www/zip/sbdt-uploaded-files/heroqa
Deleted: /var/www/zip/sbdt-uploaded-files/heroqa/UnoMindaCluster.apk
File uploaded successfully to /var/www/zip/demorepo/demorepo/output_files as UnoMindaCluster202510031109.apk
File uploaded to /var/www/zip/sbdt-uploaded-files/heroqa
Deleted: /var/www/zip/sbdt-uploaded-files/heroqa/UnoMindaCluster.apk
File uploaded successfully to /var/www/zip/demorepo/demorepo/output_files as UnoMindaCluster202510031227.apk
File uploaded to /var/www/zip/sbdt-uploaded-files/heroqa
Deleted: /var/www/zip/sbdt-uploaded-files/heroqa/UnoMindaCluster.apk
File uploaded successfully to /var/www/zip/demorepo/demorepo/output_files as UnoMindaCluster202510031300.apk
File uploaded to /var/www/zip/sbdt-uploaded-files/heroqa
Deleted: /var/www/zip/sbdt-uploaded-files/heroqa/UnoMindaCluster.apk
File uploaded successfully to /var/www/zip/demorepo/demorepo/output_files as UnoMindaCluster202510031409.apk
